apps/five-in-a-row/android/app/build/outputs/mapping/release/seeds.txt
org.apache.cordova.CordovaPlugin: void onNewIntent(android.content.Intent)
androidx.appcompat.widget.LinearLayoutCompat: int getGravity()
org.apache.cordova.CordovaWebViewImpl$EngineClient: java.lang.Boolean onDispatchKeyEvent(android.view.KeyEvent)
org.apache.cordova.CordovaPlugin: java.lang.Boolean shouldAllowNavigation(java.lang.String)
com.capacitorjs.plugins.statusbar.StatusBarPlugin: void lambda$setBackgroundColor$2(java.lang.String,com.getcapacitor.PluginCall)
androidx.appcompat.widget.AppCompatImageButton: void setImageURI(android.net.Uri)
androidx.appcompat.widget.ActionBarOverlayLayout: ActionBarOverlayLayout(android.content.Context,android.util.AttributeSet)
androidx.lifecycle.ReportFragment$LifecycleCallbacks: ReportFragment$LifecycleCallbacks()
com.getcapacitor.cordova.MockCordovaWebViewImpl: void handleStop()
org.chromium.support_lib_boundary.ProfileStoreBoundaryInterface: boolean deleteProfile(java.lang.String)
androidx.appcompat.widget.AppCompatCheckedTextView: android.graphics.PorterDuff$Mode getSupportCheckMarkTintMode()
com.getcapacitor.Plugin: boolean hasListeners(java.lang.String)
org.apache.cordova.AllowListPlugin: java.lang.Boolean shouldAllowRequest(java.lang.String)
org.apache.cordova.CallbackContext: void success(org.json.JSONArray)
com.capacitorjs.plugins.statusbar.StatusBarPlugin: void load()
androidx.core.view.WindowInsetsCompat$Impl: boolean equals(java.lang.Object)
androidx.appcompat.widget.AppCompatTextView: void setSupportBackgroundTintList(android.content.res.ColorStateList)
androidx.appcompat.widget.AppCompatReceiveContentHelper$OnDropApi24Impl: boolean onDropForTextView(android.view.DragEvent,android.widget.TextView,android.app.Activity)
org.apache.cordova.CordovaWebViewImpl: org.apache.cordova.PluginManager getPluginManager()
androidx.appcompat.widget.AppCompatMultiAutoCompleteTextView: void setSupportBackgroundTintList(android.content.res.ColorStateList)
org.apache.cordova.engine.SystemWebViewEngine: SystemWebViewEngine(org.apache.cordova.engine.SystemWebView,org.apache.cordova.CordovaPreferences)
androidx.appcompat.view.menu.ListMenuItemView: void setTitle(java.lang.CharSequence)
androidx.core.view.WindowInsetsCompat$Impl: androidx.core.view.DisplayCutoutCompat getDisplayCutout()
com.capacitorjs.plugins.statusbar.StatusBarPlugin: java.lang.String styleFromConfig(java.lang.String)
androidx.core.app.RemoteActionCompatParcelizer: RemoteActionCompatParcelizer()
androidx.lifecycle.ProcessLifecycleOwner$attach$1: void onActivityCreated(android.app.Activity,android.os.Bundle)
com.getcapacitor.cordova.MockCordovaWebViewImpl: void clearCache()
androidx.core.view.WindowInsetsCompat$Impl: androidx.core.view.WindowInsetsCompat consumeStableInsets()
com.minimalist.scalecake.MainActivity: MainActivity()
androidx.appcompat.widget.ActionBarContextView: void setVisibility(int)
androidx.appcompat.widget.ButtonBarLayout: void setAllowStacking(boolean)
androidx.appcompat.widget.AppCompatTextView: android.view.ActionMode$Callback getCustomSelectionActionModeCallback()
org.chromium.support_lib_boundary.WebMessagePayloadBoundaryInterface: int getType()
androidx.core.view.ViewCompat$Api23Impl: androidx.core.view.WindowInsetsCompat getRootWindowInsets(android.view.View)
com.capacitorjs.plugins.statusbar.StatusBarPlugin: void lambda$hide$3(com.getcapacitor.PluginCall)
androidx.core.view.ViewCompat$Api21Impl: void setBackgroundTintList(android.view.View,android.content.res.ColorStateList)
org.chromium.support_lib_boundary.WebMessageBoundaryInterface: java.lang.reflect.InvocationHandler[] getPorts()
org.apache.cordova.CordovaHttpAuthHandler: CordovaHttpAuthHandler(android.webkit.HttpAuthHandler)
org.chromium.support_lib_boundary.WebMessagePortBoundaryInterface: void postMessage(java.lang.reflect.InvocationHandler)
com.getcapacitor.cordova.MockCordovaWebViewImpl: void handleStart()
org.apache.cordova.engine.SystemWebViewEngine: org.apache.cordova.ICordovaCookieManager getCookieManager()