apps/five-in-a-row/android/app/build/outputs/mapping/release/mapping.txt
# compiler: R8
# compiler_version: 8.7.18
# min_api: 23
# common_typos_disable
# {"id":"com.android.tools.r8.mapping","version":"2.2"}
# pg_map_id: 408ef12
# pg_map_hash: SHA-256 408ef129bb1c04b5a46258247687c672af2d8fabe6cbbae8d244782ac33e1fbe
...
com.getcapacitor.WebViewLocalServer$PathHandler -> com.getcapacitor.j0$d:
# {"id":"sourceFile","fileName":"WebViewLocalServer.java"}
    java.lang.String encoding -> a
    java.lang.String charset -> b
    int statusCode -> c
    java.lang.String reasonPhrase -> d
    java.util.Map responseHeaders -> e
    1:1:void <init>():91:91 -> <init>
    2:6:void <init>(java.lang.String,java.lang.String,int,java.lang.String,java.util.Map):94:98 -> <init>
    7:7:void <init>(java.lang.String,java.lang.String,int,java.lang.String,java.util.Map):101:101 -> <init>
    8:9:void <init>(java.lang.String,java.lang.String,int,java.lang.String,java.util.Map):105:106 -> <init>
    1:3:java.lang.String getEncoding():116:116 -> a
    1:3:java.lang.String getReasonPhrase():128:128 -> b
    1:3:java.util.Map getResponseHeaders():132:132 -> c
    1:3:int getStatusCode():124:124 -> d
    java.io.InputStream handle(android.net.Uri) -> e
    1:9:java.io.InputStream handle(android.webkit.WebResourceRequest):110:110 -> f
com.getcapacitor.android.R$id -> Q.a:
    int webview -> a
com.getcapacitor.android.R$layout -> Q.b:
    int capacitor_bridge_layout_main -> a
    int no_webview -> b
com.getcapacitor.android.R$style -> Q.c:
    int AppTheme_NoActionBar -> a
com.getcapacitor.annotation.ActivityCallback -> R.a:
# {"id":"sourceFile","fileName":"ActivityCallback.java"}
com.getcapacitor.annotation.CapacitorPlugin -> R.b:
# {"id":"sourceFile","fileName":"CapacitorPlugin.java"}
    java.lang.String name() -> name
    com.getcapacitor.annotation.Permission[] permissions() -> permissions
      # {"id":"com.android.tools.r8.residualsignature","signature":"()[LR/c;"}
    int[] requestCodes() -> requestCodes
com.getcapacitor.annotation.Permission -> R.c:
# {"id":"sourceFile","fileName":"Permission.java"}
    java.lang.String alias() -> alias
    java.lang.String[] strings() -> strings
com.getcapacitor.annotation.PermissionCallback -> R.d:
# {"id":"sourceFile","fileName":"PermissionCallback.java"}
com.getcapacitor.cordova.CapacitorCordovaCookieManager -> com.getcapacitor.cordova.a:
# {"id":"sourceFile","fileName":"CapacitorCordovaCookieManager.java"}
    android.webkit.WebView webView -> a
    android.webkit.CookieManager cookieManager -> b
    1:3:void <init>(android.webkit.WebView):12:12 -> <init>
    4:5:void <init>(android.webkit.WebView):13:13 -> <init>
    6:12:void <init>(android.webkit.WebView):14:14 -> <init>
    13:16:void <init>(android.webkit.WebView):15:15 -> <init>
com.getcapacitor.cordova.MockCordovaInterfaceImpl -> com.getcapacitor.cordova.MockCordovaInterfaceImpl:
# {"id":"sourceFile","fileName":"MockCordovaInterfaceImpl.java"}
    1:8:void <init>(androidx.appcompat.app.AppCompatActivity):13:13 -> <init>
      # {"id":"com.android.tools.r8.residualsignature","signature":"(Landroidx/appcompat/app/c;)V"}
    1:3:org.apache.cordova.CordovaPlugin getActivityResultCallback():17:17 -> getActivityResultCallback
      # {"id":"com.android.tools.r8.residualsignature","signature":"()Lorg/apache/cordova/b;"}
    1:8:boolean handlePermissionResult(int,java.lang.String[],int[]):31:31 -> handlePermissionResult
    9:27:boolean handlePermissionResult(int,java.lang.String[],int[]):33:33 -> handlePermissionResult