apps/five-in-a-row/android/app/build/outputs/mapping/release/usage.txt
androidx.fragment.app.FragmentTabHost
androidx.fragment.app.FragmentTransaction$Op:
    void <init>(int,androidx.fragment.app.Fragment,androidx.lifecycle.Lifecycle$State)
    void <init>(androidx.fragment.app.FragmentTransaction$Op)
androidx.fragment.app.FragmentTransaction:
    static final int OP_ADD
    static final int OP_ATTACH
    static final int OP_DETACH
    static final int OP_HIDE
    static final int OP_NULL
    static final int OP_REMOVE
    static final int OP_REPLACE
    static final int OP_SET_MAX_LIFECYCLE
    static final int OP_SET_PRIMARY_NAV
    static final int OP_SHOW
    static final int OP_UNSET_PRIMARY_NAV
    public static final int TRANSIT_ENTER_MASK
    public static final int TRANSIT_EXIT_MASK
    public static final int TRANSIT_FRAGMENT_CLOSE
    public static final int TRANSIT_FRAGMENT_FADE
    public static final int TRANSIT_FRAGMENT_MATCH_ACTIVITY_CLOSE
    public static final int TRANSIT_FRAGMENT_MATCH_ACTIVITY_OPEN
    public static final int TRANSIT_FRAGMENT_OPEN
    public static final int TRANSIT_NONE
    public static final int TRANSIT_UNSET
    public void <init>()
    void <init>(androidx.fragment.app.FragmentFactory,java.lang.ClassLoader,androidx.fragment.app.FragmentTransaction)
    public androidx.fragment.app.FragmentTransaction add(int,androidx.fragment.app.Fragment)
    public final androidx.fragment.app.FragmentTransaction add(int,java.lang.Class,android.os.Bundle)
    public final androidx.fragment.app.FragmentTransaction add(int,java.lang.Class,android.os.Bundle,java.lang.String)
    public androidx.fragment.app.FragmentTransaction add(androidx.fragment.app.Fragment,java.lang.String)
androidx.fragment.app.FragmentTransition:
    public static final boolean supportsTransition()
androidx.fragment.app.FragmentTransitionCompat21:
    public void removeTarget(java.lang.Object,android.view.View)
androidx.fragment.app.FragmentTransitionImpl:
    public abstract void removeTarget(java.lang.Object,android.view.View)
    public abstract void replaceTargets(java.lang.Object,java.util.ArrayList,java.util.ArrayList)
androidx.fragment.app.FragmentViewLifecycleOwner:
    private androidx.lifecycle.ViewModelProvider$Factory mDefaultFactory
    private final androidx.fragment.app.Fragment mFragment
    private androidx.lifecycle.LifecycleRegistry mLifecycleRegistry
    private final java.lang.Runnable mRestoreViewSavedStateRunnable
    private androidx.savedstate.SavedStateRegistryController mSavedStateRegistryController
    private final androidx.lifecycle.ViewModelStore mViewModelStore
    void <init>(androidx.fragment.app.Fragment,androidx.lifecycle.ViewModelStore,java.lang.Runnable)
    public androidx.lifecycle.viewmodel.CreationExtras getDefaultViewModelCreationExtras()
    public androidx.lifecycle.ViewModelProvider$Factory getDefaultViewModelProviderFactory()
    public androidx.savedstate.SavedStateRegistry getSavedStateRegistry()
    public androidx.lifecycle.ViewModelStore getViewModelStore()
    void handleLifecycleEvent(androidx.lifecycle.Lifecycle$Event)
    void initialize()
    boolean isInitialized()
    void performRestore(android.os.Bundle)
androidx.fragment.app.ListFragment$1
androidx.fragment.app.ListFragment$2
androidx.fragment.app.ListFragment
androidx.fragment.app.PredictiveBackControl
androidx.fragment.app.SpecialEffectsController$Operation:
    public final void setFinalState(androidx.fragment.app.SpecialEffectsController$Operation$State)
    public final void setLifecycleImpact(androidx.fragment.app.SpecialEffectsController$Operation$LifecycleImpact)
androidx.fragment.app.SpecialEffectsController:
    public final boolean isPendingExecute()
androidx.fragment.app.SuperNotCalledException
androidx.fragment.app.strictmode.FragmentReuseViolation:
    public final java.lang.String getPreviousFragmentId()
androidx.fragment.app.strictmode.FragmentStrictMode$Policy$Builder